mode: set
github.com/jbakhtin/marketplace-product/internal/infrastructure/config/file.go:22.34,25.16 3 0
github.com/jbakhtin/marketplace-product/internal/infrastructure/config/file.go:25.16,27.3 1 0
github.com/jbakhtin/marketplace-product/internal/infrastructure/config/file.go:29.2,29.17 1 0
github.com/jbakhtin/marketplace-product/internal/infrastructure/config/file.go:32.48,34.2 1 0
github.com/jbakhtin/marketplace-product/internal/infrastructure/config/file.go:36.37,38.2 1 0
github.com/jbakhtin/marketplace-product/internal/infrastructure/config/file.go:40.45,42.2 1 0
github.com/jbakhtin/marketplace-product/internal/infrastructure/config/file.go:44.42,46.2 1 0
github.com/jbakhtin/marketplace-product/internal/infrastructure/server/rest/server.go:27.19,29.16 2 0
github.com/jbakhtin/marketplace-product/internal/infrastructure/server/rest/server.go:29.16,31.3 1 0
github.com/jbakhtin/marketplace-product/internal/infrastructure/server/rest/server.go:33.2,39.8 1 0
github.com/jbakhtin/marketplace-product/internal/infrastructure/server/rest/server.go:42.57,43.12 1 0
github.com/jbakhtin/marketplace-product/internal/infrastructure/server/rest/server.go:43.12,44.74 1 0
github.com/jbakhtin/marketplace-product/internal/infrastructure/server/rest/server.go:44.74,46.4 1 0
github.com/jbakhtin/marketplace-product/internal/infrastructure/server/rest/server.go:49.2,51.12 2 0
github.com/jbakhtin/marketplace-product/internal/infrastructure/server/rest/server.go:54.54,55.47 1 0
github.com/jbakhtin/marketplace-product/internal/infrastructure/server/rest/server.go:55.47,57.3 1 0
github.com/jbakhtin/marketplace-product/internal/infrastructure/server/rest/server.go:58.2,58.12 1 0
github.com/jbakhtin/marketplace-product/internal/infrastructure/server/rest/handler/response/handler.go:31.70,32.16 1 0
github.com/jbakhtin/marketplace-product/internal/infrastructure/server/rest/handler/response/handler.go:32.16,34.3 1 0
github.com/jbakhtin/marketplace-product/internal/infrastructure/server/rest/handler/response/handler.go:35.2,35.37 1 0
github.com/jbakhtin/marketplace-product/internal/infrastructure/server/rest/handler/response/handler.go:35.37,41.3 1 0
github.com/jbakhtin/marketplace-product/internal/infrastructure/server/rest/handler/response/handler.go:42.2,42.51 1 0
github.com/jbakhtin/marketplace-product/internal/infrastructure/server/rest/handler/response/handler.go:45.56,51.2 1 0
github.com/jbakhtin/marketplace-product/internal/infrastructure/server/rest/handler/response/handler.go:53.55,60.2 2 0
github.com/jbakhtin/marketplace-product/internal/infrastructure/server/rest/handler/response/handler.go:62.102,64.16 2 0
github.com/jbakhtin/marketplace-product/internal/infrastructure/server/rest/handler/response/handler.go:64.16,67.3 2 0
github.com/jbakhtin/marketplace-product/internal/infrastructure/server/rest/handler/response/handler.go:67.8,69.3 1 0
github.com/jbakhtin/marketplace-product/internal/infrastructure/server/rest/handler/response/handler.go:71.2,72.16 2 0
github.com/jbakhtin/marketplace-product/internal/infrastructure/server/rest/handler/response/handler.go:72.16,74.3 1 0
github.com/jbakhtin/marketplace-product/internal/infrastructure/server/rest/handler/response/handler.go:76.2,79.16 4 0
github.com/jbakhtin/marketplace-product/internal/infrastructure/server/rest/handler/response/handler.go:79.16,81.3 1 0
github.com/jbakhtin/marketplace-product/cmd/product/main.go:31.13,36.16 3 0
github.com/jbakhtin/marketplace-product/cmd/product/main.go:36.16,38.3 1 0
github.com/jbakhtin/marketplace-product/cmd/product/main.go:40.2,41.16 2 0
github.com/jbakhtin/marketplace-product/cmd/product/main.go:41.16,43.3 1 0
github.com/jbakhtin/marketplace-product/cmd/product/main.go:46.2,47.16 2 0
github.com/jbakhtin/marketplace-product/cmd/product/main.go:47.16,49.3 1 0
github.com/jbakhtin/marketplace-product/cmd/product/main.go:51.2,55.52 3 0
github.com/jbakhtin/marketplace-product/cmd/product/main.go:55.52,57.3 1 0
github.com/jbakhtin/marketplace-product/cmd/product/main.go:60.2,63.16 3 0
github.com/jbakhtin/marketplace-product/cmd/product/main.go:63.16,65.3 1 0
github.com/jbakhtin/marketplace-product/cmd/product/main.go:67.2,68.16 2 0
github.com/jbakhtin/marketplace-product/cmd/product/main.go:68.16,70.3 1 0
github.com/jbakhtin/marketplace-product/cmd/product/main.go:71.2,75.29 4 0
github.com/jbakhtin/marketplace-product/cmd/product/main.go:78.13,82.40 3 0
github.com/jbakhtin/marketplace-product/cmd/product/main.go:82.40,85.3 2 0
github.com/jbakhtin/marketplace-product/cmd/product/main.go:87.2,89.32 3 0
github.com/jbakhtin/marketplace-product/cmd/product/main.go:89.32,91.3 1 0
github.com/jbakhtin/marketplace-product/cmd/product/main.go:92.2,96.46 4 0
github.com/jbakhtin/marketplace-product/cmd/product/main.go:96.46,98.3 1 0
github.com/jbakhtin/marketplace-product/internal/infrastructure/server/rest/middleware/auth.go:26.47,30.2 1 0
github.com/jbakhtin/marketplace-product/internal/infrastructure/server/rest/middleware/auth.go:32.58,33.53 1 0
github.com/jbakhtin/marketplace-product/internal/infrastructure/server/rest/middleware/auth.go:33.53,35.68 2 0
github.com/jbakhtin/marketplace-product/internal/infrastructure/server/rest/middleware/auth.go:35.68,38.4 2 0
github.com/jbakhtin/marketplace-product/internal/infrastructure/server/rest/middleware/auth.go:40.3,43.11 2 0
github.com/jbakhtin/marketplace-product/internal/infrastructure/server/rest/middleware/auth.go:43.11,45.4 1 0
github.com/jbakhtin/marketplace-product/internal/infrastructure/server/rest/middleware/auth.go:46.3,46.17 1 0
github.com/jbakhtin/marketplace-product/internal/infrastructure/server/rest/middleware/auth.go:46.17,49.4 2 0
github.com/jbakhtin/marketplace-product/internal/infrastructure/server/rest/middleware/auth.go:51.3,51.19 1 0
github.com/jbakhtin/marketplace-product/internal/infrastructure/server/rest/middleware/auth.go:51.19,54.4 2 0
github.com/jbakhtin/marketplace-product/internal/infrastructure/server/rest/middleware/auth.go:56.3,57.10 2 0
github.com/jbakhtin/marketplace-product/internal/infrastructure/server/rest/middleware/auth.go:57.10,60.4 2 0
github.com/jbakhtin/marketplace-product/internal/infrastructure/server/rest/middleware/auth.go:62.3,63.17 2 0
github.com/jbakhtin/marketplace-product/internal/infrastructure/server/rest/middleware/auth.go:63.17,66.4 2 0
github.com/jbakhtin/marketplace-product/internal/infrastructure/server/rest/middleware/auth.go:67.3,69.40 2 0
github.com/jbakhtin/marketplace-product/internal/infrastructure/server/rest/middleware/auth.go:72.2,72.29 1 0
github.com/jbakhtin/marketplace-product/internal/infrastructure/server/rest/router/chi/router.go:21.21,23.16 2 0
github.com/jbakhtin/marketplace-product/internal/infrastructure/server/rest/router/chi/router.go:23.16,25.3 1 0
github.com/jbakhtin/marketplace-product/internal/infrastructure/server/rest/router/chi/router.go:27.2,34.70 5 0
github.com/jbakhtin/marketplace-product/internal/infrastructure/server/rest/router/chi/router.go:34.70,37.3 2 0
github.com/jbakhtin/marketplace-product/internal/infrastructure/server/rest/router/chi/router.go:38.2,38.69 1 0
github.com/jbakhtin/marketplace-product/internal/infrastructure/server/rest/router/chi/router.go:38.69,41.3 2 0
github.com/jbakhtin/marketplace-product/internal/infrastructure/server/rest/router/chi/router.go:45.2,45.46 1 0
github.com/jbakhtin/marketplace-product/internal/infrastructure/server/rest/router/chi/router.go:45.46,49.3 2 0
github.com/jbakhtin/marketplace-product/internal/infrastructure/server/rest/router/chi/router.go:51.2,51.20 1 0
github.com/jbakhtin/marketplace-product/internal/infrastructure/server/rest/handler/product/get_by_sku.go:16.63,18.20 2 0
github.com/jbakhtin/marketplace-product/internal/infrastructure/server/rest/handler/product/get_by_sku.go:18.20,21.3 2 0
github.com/jbakhtin/marketplace-product/internal/infrastructure/server/rest/handler/product/get_by_sku.go:23.2,24.16 2 0
github.com/jbakhtin/marketplace-product/internal/infrastructure/server/rest/handler/product/get_by_sku.go:24.16,27.3 2 0
github.com/jbakhtin/marketplace-product/internal/infrastructure/server/rest/handler/product/get_by_sku.go:29.2,30.16 2 0
github.com/jbakhtin/marketplace-product/internal/infrastructure/server/rest/handler/product/get_by_sku.go:30.16,34.3 3 0
github.com/jbakhtin/marketplace-product/internal/infrastructure/server/rest/handler/product/get_by_sku.go:36.2,38.9 1 0
github.com/jbakhtin/marketplace-product/internal/infrastructure/server/rest/handler/product/handler.go:17.107,23.2 1 0
github.com/jbakhtin/marketplace-product/internal/infrastructure/server/rest/handler/product/list_skus.go:17.64,23.16 5 0
github.com/jbakhtin/marketplace-product/internal/infrastructure/server/rest/handler/product/list_skus.go:23.16,26.3 2 0
github.com/jbakhtin/marketplace-product/internal/infrastructure/server/rest/handler/product/list_skus.go:31.2,31.63 1 0
github.com/jbakhtin/marketplace-product/internal/infrastructure/logger/zap/logger.go:21.44,38.2 3 0
github.com/jbakhtin/marketplace-product/internal/infrastructure/logger/zap/logger.go:40.50,42.2 1 0
github.com/jbakhtin/marketplace-product/internal/infrastructure/logger/zap/logger.go:44.49,46.2 1 0
github.com/jbakhtin/marketplace-product/internal/infrastructure/logger/zap/logger.go:48.49,50.2 1 0
github.com/jbakhtin/marketplace-product/internal/infrastructure/logger/zap/logger.go:52.50,54.2 1 0
github.com/jbakhtin/marketplace-product/internal/infrastructure/logger/zap/logger.go:56.50,58.2 1 0
github.com/jbakhtin/marketplace-product/internal/infrastructure/storage/postgres/storage.go:20.48,22.16 2 0
github.com/jbakhtin/marketplace-product/internal/infrastructure/storage/postgres/storage.go:22.16,24.3 1 0
github.com/jbakhtin/marketplace-product/internal/infrastructure/storage/postgres/storage.go:26.2,27.16 2 0
github.com/jbakhtin/marketplace-product/internal/infrastructure/storage/postgres/storage.go:27.16,29.3 1 0
github.com/jbakhtin/marketplace-product/internal/infrastructure/storage/postgres/storage.go:31.2,34.16 3 0
github.com/jbakhtin/marketplace-product/internal/infrastructure/storage/postgres/storage.go:34.16,36.3 1 0
github.com/jbakhtin/marketplace-product/internal/infrastructure/storage/postgres/storage.go:38.2,39.16 2 0
github.com/jbakhtin/marketplace-product/internal/infrastructure/storage/postgres/storage.go:39.16,41.3 1 0
github.com/jbakhtin/marketplace-product/internal/infrastructure/storage/postgres/storage.go:43.2,43.16 1 0
github.com/jbakhtin/marketplace-product/internal/infrastructure/storage/postgres/repositories/product.go:18.60,22.2 1 0
github.com/jbakhtin/marketplace-product/internal/infrastructure/storage/postgres/repositories/product.go:24.103,36.16 3 0
github.com/jbakhtin/marketplace-product/internal/infrastructure/storage/postgres/repositories/product.go:36.16,37.27 1 0
github.com/jbakhtin/marketplace-product/internal/infrastructure/storage/postgres/repositories/product.go:37.27,39.4 1 0
github.com/jbakhtin/marketplace-product/internal/infrastructure/storage/postgres/repositories/product.go:40.3,40.76 1 0
github.com/jbakhtin/marketplace-product/internal/infrastructure/storage/postgres/repositories/product.go:43.2,43.31 1 0
github.com/jbakhtin/marketplace-product/internal/infrastructure/storage/postgres/repositories/product.go:46.117,48.16 2 0
github.com/jbakhtin/marketplace-product/internal/infrastructure/storage/postgres/repositories/product.go:48.16,50.3 1 0
github.com/jbakhtin/marketplace-product/internal/infrastructure/storage/postgres/repositories/product.go:51.2,54.18 3 0
github.com/jbakhtin/marketplace-product/internal/infrastructure/storage/postgres/repositories/product.go:54.18,56.41 2 0
github.com/jbakhtin/marketplace-product/internal/infrastructure/storage/postgres/repositories/product.go:56.41,58.4 1 0
github.com/jbakhtin/marketplace-product/internal/infrastructure/storage/postgres/repositories/product.go:59.3,59.27 1 0
github.com/jbakhtin/marketplace-product/internal/infrastructure/storage/postgres/repositories/product.go:62.2,62.35 1 0
github.com/jbakhtin/marketplace-product/internal/infrastructure/storage/postgres/repositories/product.go:62.35,64.3 1 0
github.com/jbakhtin/marketplace-product/internal/infrastructure/storage/postgres/repositories/product.go:66.2,66.18 1 0
github.com/jbakhtin/marketplace-product/internal/modules/product/module.go:12.97,14.16 2 0
github.com/jbakhtin/marketplace-product/internal/modules/product/module.go:14.16,16.3 1 0
github.com/jbakhtin/marketplace-product/internal/modules/product/module.go:18.2,20.8 1 0
github.com/jbakhtin/marketplace-product/internal/modules/product/module.go:23.61,25.2 1 0
github.com/jbakhtin/marketplace-product/internal/modules/product/use_case/product.go:17.27,22.2 1 0
github.com/jbakhtin/marketplace-product/internal/modules/product/use_case/product.go:24.103,26.16 2 0
github.com/jbakhtin/marketplace-product/internal/modules/product/use_case/product.go:26.16,28.3 1 0
github.com/jbakhtin/marketplace-product/internal/modules/product/use_case/product.go:30.2,30.21 1 0
github.com/jbakhtin/marketplace-product/internal/modules/product/use_case/product.go:33.112,35.16 2 0
github.com/jbakhtin/marketplace-product/internal/modules/product/use_case/product.go:35.16,37.3 1 0
github.com/jbakhtin/marketplace-product/internal/modules/product/use_case/product.go:39.2,39.18 1 0
github.com/jbakhtin/marketplace-product/internal/infrastructure/storage/postgres/entities/product.go:17.53,19.18 1 0
github.com/jbakhtin/marketplace-product/internal/infrastructure/storage/postgres/entities/product.go:19.18,22.3 2 0
github.com/jbakhtin/marketplace-product/internal/infrastructure/storage/postgres/entities/product.go:24.2,25.9 2 0
github.com/jbakhtin/marketplace-product/internal/infrastructure/storage/postgres/entities/product.go:25.9,27.3 1 0
github.com/jbakhtin/marketplace-product/internal/infrastructure/storage/postgres/entities/product.go:30.2,31.16 2 0
github.com/jbakhtin/marketplace-product/internal/infrastructure/storage/postgres/entities/product.go:31.16,33.3 1 0
github.com/jbakhtin/marketplace-product/internal/infrastructure/storage/postgres/entities/product.go:35.2,35.12 1 0
github.com/jbakhtin/marketplace-product/internal/infrastructure/storage/postgres/entities/product.go:53.44,59.2 1 0
